C:\Program Files\Microsoft Visual Studio\2022\Community\MSBuild\Microsoft\VC\v170\Microsoft.CppBuild.targets(531,5): warning MSB8028: The intermediate directory (x64\Debug\) contains files shared from another project (ConsoleApplication1.vcxproj).  This can lead to incorrect clean and rebuild behavior.
  Main.cpp
C:\Users\khali\repositries\ConsoleApplication1\Tools.h(52,14): warning C4244: 'return': conversion from 'double' to 'float', possible loss of data
  (compiling source file 'Main.cpp')
  
C:\Users\khali\repositries\ConsoleApplication1\Tools.h(57,14): warning C4244: 'return': conversion from 'double' to 'float', possible loss of data
  (compiling source file 'Main.cpp')
  
C:\Users\khali\repositries\ConsoleApplication1\Plants_Zombies.h(102,22): warning C4305: '=': truncation from 'double' to 'float'
  (compiling source file 'Main.cpp')
  
C:\Users\khali\repositries\ConsoleApplication1\Plants_Zombies.h(160,48): warning C4305: 'argument': truncation from 'double' to 'float'
  (compiling source file 'Main.cpp')
  
C:\Users\khali\repositries\ConsoleApplication1\Plants_Zombies.h(315,14): warning C4244: 'argument': conversion from 'time_t' to 'unsigned int', possible loss of data
  (compiling source file 'Main.cpp')
  
C:\Users\khali\repositries\ConsoleApplication1\Plants_Zombies.h(377,27): warning C4305: 'argument': truncation from 'double' to 'float'
  (compiling source file 'Main.cpp')
  
C:\Users\khali\repositries\ConsoleApplication1\Plants_Zombies.h(561,29): warning C4305: 'argument': truncation from 'double' to 'float'
  (compiling source file 'Main.cpp')
  
C:\Users\khali\repositries\ConsoleApplication1\Plants_Zombies.h(568,13): warning C4305: '=': truncation from 'double' to 'float'
  (compiling source file 'Main.cpp')
  
C:\Users\khali\repositries\ConsoleApplication1\Plants_Zombies.h(572,29): warning C4305: 'argument': truncation from 'double' to 'float'
  (compiling source file 'Main.cpp')
  
C:\Users\khali\repositries\ConsoleApplication1\Plants_Zombies.h(579,13): warning C4305: '=': truncation from 'double' to 'float'
  (compiling source file 'Main.cpp')
  
C:\Users\khali\repositries\ConsoleApplication1\Plants_Zombies.h(583,29): warning C4305: 'argument': truncation from 'double' to 'float'
  (compiling source file 'Main.cpp')
  
C:\Users\khali\repositries\ConsoleApplication1\Plants_Zombies.h(590,13): warning C4305: '=': truncation from 'double' to 'float'
  (compiling source file 'Main.cpp')
  
C:\Users\khali\repositries\ConsoleApplication1\Plants_Zombies.h(594,29): warning C4305: 'argument': truncation from 'double' to 'float'
  (compiling source file 'Main.cpp')
  
C:\Users\khali\repositries\ConsoleApplication1\Plants_Zombies.h(665,39): warning C4244: '-=': conversion from 'float' to 'int', possible loss of data
  (compiling source file 'Main.cpp')
  
C:\Users\khali\repositries\ConsoleApplication1\Wave System.h(78,34): warning C4305: 'argument': truncation from 'double' to 'float'
  (compiling source file 'Main.cpp')
  
C:\Users\khali\repositries\ConsoleApplication1\Wave System.h(78,29): warning C4305: 'argument': truncation from 'double' to 'float'
  (compiling source file 'Main.cpp')
  
C:\Users\khali\repositries\ConsoleApplication1\Wave System.h(79,40): warning C4244: 'argument': conversion from 'int' to 'float', possible loss of data
  (compiling source file 'Main.cpp')
  
C:\Users\khali\repositries\ConsoleApplication1\Wave System.h(171,84): warning C4244: 'argument': conversion from 'int' to 'float', possible loss of data
  (compiling source file 'Main.cpp')
  
C:\Users\khali\repositries\ConsoleApplication1\Wave System.h(174,90): warning C4244: 'argument': conversion from 'int' to 'float', possible loss of data
  (compiling source file 'Main.cpp')
  
C:\Users\khali\repositries\ConsoleApplication1\Wave System.h(185,15): warning C4244: 'argument': conversion from 'time_t' to 'unsigned int', possible loss of data
  (compiling source file 'Main.cpp')
  
C:\Users\khali\repositries\ConsoleApplication1\StartAnimation.h(80,19): warning C4244: 'argument': conversion from 'time_t' to 'unsigned int', possible loss of data
  (compiling source file 'Main.cpp')
  
C:\Users\khali\repositries\ConsoleApplication1\StartAnimation.h(97,37): warning C4305: 'argument': truncation from 'double' to 'float'
  (compiling source file 'Main.cpp')
  
C:\Users\khali\repositries\ConsoleApplication1\StartAnimation.h(97,31): warning C4305: 'argument': truncation from 'double' to 'float'
  (compiling source file 'Main.cpp')
  
C:\Users\khali\repositries\ConsoleApplication1\StartAnimation.h(103,38): warning C4305: 'argument': truncation from 'double' to 'float'
  (compiling source file 'Main.cpp')
  
C:\Users\khali\repositries\ConsoleApplication1\StartAnimation.h(103,33): warning C4305: 'argument': truncation from 'double' to 'float'
  (compiling source file 'Main.cpp')
  
C:\Users\khali\repositries\ConsoleApplication1\StartAnimation.h(110,39): warning C4305: 'argument': truncation from 'double' to 'float'
  (compiling source file 'Main.cpp')
  
C:\Users\khali\repositries\ConsoleApplication1\StartAnimation.h(110,34): warning C4305: 'argument': truncation from 'double' to 'float'
  (compiling source file 'Main.cpp')
  
C:\Users\khali\repositries\ConsoleApplication1\StartAnimation.h(116,37): warning C4305: 'argument': truncation from 'double' to 'float'
  (compiling source file 'Main.cpp')
  
C:\Users\khali\repositries\ConsoleApplication1\StartAnimation.h(116,32): warning C4305: 'argument': truncation from 'double' to 'float'
  (compiling source file 'Main.cpp')
  
C:\Users\khali\repositries\ConsoleApplication1\StartAnimation.h(122,39): warning C4305: 'argument': truncation from 'double' to 'float'
  (compiling source file 'Main.cpp')
  
C:\Users\khali\repositries\ConsoleApplication1\StartAnimation.h(122,34): warning C4305: 'argument': truncation from 'double' to 'float'
  (compiling source file 'Main.cpp')
  
C:\Users\khali\repositries\ConsoleApplication1\StartAnimation.h(135,44): warning C4305: 'argument': truncation from 'double' to 'float'
  (compiling source file 'Main.cpp')
  
C:\Users\khali\repositries\ConsoleApplication1\StartAnimation.h(135,39): warning C4305: 'argument': truncation from 'double' to 'float'
  (compiling source file 'Main.cpp')
  
C:\Users\khali\repositries\ConsoleApplication1\StartAnimation.h(199,33): warning C4305: 'argument': truncation from 'double' to 'float'
  (compiling source file 'Main.cpp')
  
C:\Users\khali\repositries\ConsoleApplication1\StartAnimation.h(203,33): warning C4305: 'argument': truncation from 'double' to 'float'
  (compiling source file 'Main.cpp')
  
C:\Users\khali\repositries\ConsoleApplication1\planting system.h(151,44): warning C4244: 'argument': conversion from 'int' to 'float', possible loss of data
  (compiling source file 'Main.cpp')
  
C:\Users\khali\repositries\ConsoleApplication1\planting system.h(151,35): warning C4244: 'argument': conversion from 'int' to 'float', possible loss of data
  (compiling source file 'Main.cpp')
  
C:\Users\khali\repositries\ConsoleApplication1\planting system.h(183,80): warning C4244: 'argument': conversion from 'T' to 'int', possible loss of data
C:\Users\khali\repositries\ConsoleApplication1\planting system.h(183,80): warning C4244:         with
C:\Users\khali\repositries\ConsoleApplication1\planting system.h(183,80): warning C4244:         [
C:\Users\khali\repositries\ConsoleApplication1\planting system.h(183,80): warning C4244:             T=float
C:\Users\khali\repositries\ConsoleApplication1\planting system.h(183,80): warning C4244:         ]
  (compiling source file 'Main.cpp')
  
C:\Users\khali\repositries\ConsoleApplication1\planting system.h(192,25): warning C4305: 'initializing': truncation from 'double' to 'float'
  (compiling source file 'Main.cpp')
  
C:\Users\khali\repositries\ConsoleApplication1\planting system.h(192,34): warning C4305: 'initializing': truncation from 'double' to 'float'
  (compiling source file 'Main.cpp')
  
C:\Users\khali\repositries\ConsoleApplication1\Main Menu.h(100,24): warning C4305: 'argument': truncation from 'double' to 'float'
  (compiling source file 'Main.cpp')
  
C:\Users\khali\repositries\ConsoleApplication1\Main Menu.h(108,23): warning C4305: 'argument': truncation from 'double' to 'float'
  (compiling source file 'Main.cpp')
  
C:\Users\khali\repositries\ConsoleApplication1\Main Menu.h(117,28): warning C4305: 'initializing': truncation from 'double' to 'float'
  (compiling source file 'Main.cpp')
  
C:\Users\khali\repositries\ConsoleApplication1\Main Menu.h(117,37): warning C4305: 'initializing': truncation from 'double' to 'float'
  (compiling source file 'Main.cpp')
  
  ConsoleApplication1.vcxproj -> C:\Users\khali\repositries\x64\Debug\SFML Template.exe
